<?xml version="1.0" encoding="UTF-8"?>
<!-- Generated by org.testng.reporters.JUnitReportReporter -->
<testsuite skipped="0" hostname="DESKTOP-H9NR6FH" name="com.test.GoogleTest" tests="5" failures="0" timestamp="22 Nov 2020 23:58:21 GMT" time="40.971" errors="0">
  <testcase name="googleTitleTest" time="8.097" classname="com.test.GoogleTest"/>
  <testcase name="googleLogoTest" time="9.001" classname="com.test.GoogleTest"/>
  <testcase name="test1" time="8.543" classname="com.test.GoogleTest"/>
  <testcase name="test2" time="7.408" classname="com.test.GoogleTest"/>
  <testcase name="test3" time="7.922" classname="com.test.GoogleTest"/>
</testsuite> <!-- com.test.GoogleTest -->
