<?xml version="1.0" encoding="UTF-8"?>
<!-- Generated by org.testng.reporters.JUnitReportReporter -->
<testsuite skipped="0" hostname="DESKTOP-H9NR6FH" name="com.test.TestNgFeatures" tests="1" failures="0" timestamp="23 Nov 2020 01:51:52 GMT" time="0.004" errors="0">
  <testcase name="loginTest" time="0.004" classname="com.test.TestNgFeatures"/>
</testsuite> <!-- com.test.TestNgFeatures -->
