<?xml version="1.0" encoding="UTF-8"?>
<!-- Generated by org.testng.reporters.JUnitReportReporter -->
<testsuite skipped="0" hostname="DESKTOP-H9NR6FH" name="com.test.GoogleTitleTest" tests="2" failures="0" timestamp="23 Nov 2020 01:51:52 GMT" time="19.053" errors="0">
  <testcase name="googleLogoTest" time="8.480" classname="com.test.GoogleTitleTest"/>
  <testcase name="googleTitleTest" time="10.573" classname="com.test.GoogleTitleTest"/>
</testsuite> <!-- com.test.GoogleTitleTest -->
